<?xml version="1.0" encoding="UTF-8"?>
<robot generator="Robot 7.0 (Python 3.12.2 on win32)" generated="2024-03-21T19:54:30.508009" rpa="false" schemaversion="5">
<suite id="s1" name="TestAPI2" source="C:\Users\lab4h.ADMIN\Documents\UNISAL\APIadvanced\TestAPI2.robot">
<kw name="Create Session" owner="RequestsLibrary" type="SETUP">
<msg time="2024-03-21T19:54:30.792866" level="INFO">Creating Session using : alias=jsonplaceholder, url=https://jsonplaceholder.typicode.com, headers={},                     cookies={}, auth=None, timeout=None, proxies=None, verify=False,                     debug=0 </msg>
<arg>jsonplaceholder</arg>
<arg>https://jsonplaceholder.typicode.com</arg>
<doc>Create Session: create a HTTP session to a server</doc>
<status status="PASS" start="2024-03-21T19:54:30.792866" elapsed="0.005978"/>
</kw>
<test id="s1-t1" name="Get Request Test" line="9">
<kw name="Create Session" owner="RequestsLibrary">
<msg time="2024-03-21T19:54:30.799844" level="INFO">Creating Session using : alias=google, url=http://www.google.com, headers={},                     cookies={}, auth=None, timeout=None, proxies=None, verify=False,                     debug=0 </msg>
<arg>google</arg>
<arg>http://www.google.com</arg>
<doc>Create Session: create a HTTP session to a server</doc>
<status status="PASS" start="2024-03-21T19:54:30.799844" elapsed="0.000999"/>
</kw>
<kw name="GET On Session" owner="RequestsLibrary">
<msg time="2024-03-21T19:54:31.279052" level="INFO">GET Request : url=http://www.google.com/ 
 path_url=/ 
 headers={'User-Agent': 'python-requests/2.31.0', 'Accept-Encoding': 'gzip, deflate', 'Accept': '*/*', 'Connection': 'keep-alive'} 
 body=None 
 </msg>
<msg time="2024-03-21T19:54:31.279052" level="INFO">GET Response : url=http://www.google.com/ 
 status=200, reason=OK 
 headers={'Date': 'Thu, 21 Mar 2024 22:54:31 GMT', 'Expires': '-1', 'Cache-Control': 'private, max-age=0', 'Content-Type': 'text/html; charset=ISO-8859-1', 'Content-Security-Policy-Report-Only': "object-src 'none';base-uri 'self';script-src 'nonce-CZKpCPKK53QsIr36vHM5aQ' 'strict-dynamic' 'report-sample' 'unsafe-eval' 'unsafe-inline' https: http:;report-uri https://csp.withgoogle.com/csp/gws/other-hp", 'P3P': 'CP="This is not a P3P policy! See g.co/p3phelp for more info."', 'Content-Encoding': 'gzip', 'Server': 'gws', 'Content-Length': '8058', 'X-XSS-Protection': '0', 'X-Frame-Options': 'SAMEORIGIN', 'Set-Cookie': '1P_JAR=2024-03-21-22; expires=Sat, 20-Apr-2024 22:54:31 GMT; path=/; domain=.google.com; Secure, AEC=Ae3NU9PVnVhSZ74cosqGUTIaLrHVxwZK7km6rR-qPpJm3FWIRnuVp0Wx7w; expires=Tue, 17-Sep-2024 22:54:31 GMT; path=/; domain=.google.com; Secure; HttpOnly; SameSite=lax, NID=512=R-fkFuS-1TihXZc8DKFLLZeEBgWlKHdCThJy5CQ2sY_Txg-f-TeCDZY46mwQY4CITDeK5yLOhCNFkcfI4ry-KlSI8PWidjVPtZfAJ2zXkCnY_b0HkZnWrMsgT_KuK26AHZMFZEn5a37E5T7SA2nmWwmxv9oVpRccH5DEW9HeKL0; expires=Fri, 20-Sep-2024 22:54:31 GMT; path=/; domain=.google.com; HttpOnly'} 
 body=&lt;!doctype html&gt;&lt;html itemscope="" itemtype="http://schema.org/WebPage" lang="pt-BR"&gt;&lt;head&gt;&lt;meta content="text/html; charset=UTF-8" http-equiv="Content-Type"&gt;&lt;meta content="/images/branding/googleg/1x/googleg_standard_color_128dp.png" itemprop="image"&gt;&lt;title&gt;Google&lt;/title&gt;&lt;script nonce="CZKpCPKK53QsIr36vHM5aQ"&gt;(function(){var _g={kEI:'p7r8ZaxohZi-vQ_p4ILwCQ',kEXPI:'0,1365467,207,2415,2389,2329788,683,361,379728,44799,24076,12036,17579,4998,55519,2872,2891,11754,61296,2614,3784,9707,230,20583,4,86670,6624,7593,1,42154,2,16395,23366,6699,28951,2172,4567,6256,24670,33067,2,2,1,23827,10960,23351,8702,13733,9779,42459,20198,73179,3030,15816,1804,27092,9137,10853,1632,29753,21304,5214733,711,2,1391,252,569,12,2,57,88,5990734,1860,2839137,18,27982980,16673,43886,3,318,4,1281,3,2121778,2585,16815,2,2,22619618,392914,12799,8409,10755,147,5762,5,13019,4426,1226,2634,4813,5,1899,2078,3800,14606,2849,7650,5887,1922,7288,1301,2370,4832,1575,2873,7618,3355,5520,7432,2212,149,2071,1603,4,1448,2906,390,4335,3192,218,3,5107,1628,1153,1720,5,5212,4153,99,1873,2708,6455,1810,4448,4,778,2345,1794,66,2,3146,3128,2530,1057,156,661,3230,130,147,9,4663,2150,598,1261,3,539,72,422,187,2313,649,950,355,123,32,2484,5,3773,1,621,588,50,1308,1922,679,1644,423,1416,258,2,674,2550,3743,10,442,52,730,349,8,73,238,14,4857,1409,1426,669,441,230,523,218,532,7,802,412,770,184,610,315,19,6,182,121,385,48,135,633,1007,1000,2,4,130,86,111,83,300,5,3,128,1087,147,931,378,327,326,26,4,56,294,35,1,3,33,192,999,17,660,925,2,1,800,744,1519,57,739,406,28,484,7,1,870,233,300,4,72,1023,31,160,40,7,914,123,333,500,300,18,145,915,110,2,89,62,277,1071,1686,771,86,908,235,2083,21297238,365636,3,6062,1114,631,465,701,1348,3299187',kBL:'CMUG',kOPI:89978449};(function(){var a;(null==(a=window.google)?0:a.stvsc)?google.kEI=_g.kEI:window.google=_g;}).call(this);})();(function(){google.sn='webhp';google.kHL='pt-BR';})();(function(){
var h=this||self;function l(){return void 0!==window.google&amp;&amp;void 0!==window.google.kOPI&amp;&amp;0!==window.google.kOPI?window.google.kOPI:null};var m,n=[];function p(a){for(var b;a&amp;&amp;(!a.getAttribute||!(b=a.getAttribute("eid")));)a=a.parentNode;return b||m}function q(a){for(var b=null;a&amp;&amp;(!a.getAttribute||!(b=a.getAttribute("leid")));)a=a.parentNode;return b}function r(a){/^http:/i.test(a)&amp;&amp;"https:"===window.location.protocol&amp;&amp;(google.ml&amp;&amp;google.ml(Error("a"),!1,{src:a,glmm:1}),a="");return a}
function t(a,b,c,d,k){var e="";-1===b.search("&amp;ei=")&amp;&amp;(e="&amp;ei="+p(d),-1===b.search("&amp;lei=")&amp;&amp;(d=q(d))&amp;&amp;(e+="&amp;lei="+d));d="";var g=-1===b.search("&amp;cshid=")&amp;&amp;"slh"!==a,f=[];f.push(["zx",Date.now().toString()]);h._cshid&amp;&amp;g&amp;&amp;f.push(["cshid",h._cshid]);c=c();null!=c&amp;&amp;f.push(["opi",c.toString()]);for(c=0;c&lt;f.length;c++){if(0===c||0&lt;c)d+="&amp;";d+=f[c][0]+"="+f[c][1]}return"/"+(k||"gen_204")+"?atyp=i&amp;ct="+String(a)+"&amp;cad="+(b+e+d)};m=google.kEI;google.getEI=p;google.getLEI=q;google.ml=function(){return null};google.log=function(a,b,c,d,k,e){e=void 0===e?l:e;c||(c=t(a,b,e,d,k));if(c=r(c)){a=new Image;var g=n.length;n[g]=a;a.onerror=a.onload=a.onabort=function(){delete n[g]};a.src=c}};google.logUrl=function(a,b){b=void 0===b?l:b;return t("",a,b)};}).call(this);(function(){google.y={};google.sy=[];google.x=function(a,b){if(a)var c=a.id;else{do c=Math.random();while(google.y[c])}google.y[c]=[a,b];return!1};google.sx=function(a){google.sy.push(a)};google.lm=[];google.plm=function(a){google.lm.push.apply(google.lm,a)};google.lq=[];google.load=function(a,b,c){google.lq.push([[a],b,c])};google.loadAll=function(a,b){google.lq.push([a,b])};google.bx=!1;google.lx=function(){};var d=[];google.fce=function(a,b,c,e){d.push([a,b,c,e])};google.qce=d;}).call(this);google.f={};(function(){
document.documentElement.addEventListener("submit",function(b){var a;if(a=b.target){var c=a.getAttribute("data-submitfalse");a="1"===c||"q"===c&amp;&amp;!a.elements.q.value?!0:!1}else a=!1;a&amp;&amp;(b.preventDefault(),b.stopPropagation())},!0);document.documentElement.addEventListener("click",function(b){var a;a:{for(a=b.target;a&amp;&amp;a!==document.documentElement;a=a.parentElement)if("A"===a.tagName){a="1"===a.getAttribute("data-nohref");break a}a=!1}a&amp;&amp;b.preventDefault()},!0);}).call(this);&lt;/script&gt;&lt;style&gt;#gbar,#guser{font-size:13px;padding-top:1px !important;}#gbar{height:22px}#guser{padding-bottom:7px !important;text-align:right}.gbh,.gbd{border-top:1px solid #c9d7f1;font-size:1px}.gbh{height:0;position:absolute;top:24px;width:100%}@media all{.gb1{height:22px;margin-right:.5em;vertical-align:top}#gbar{float:left}}a.gb1,a.gb4{text-decoration:underline !important}a.gb1,a.gb4{color:#00c !important}.gbi .gb4{color:#dd8e27 !important}.gbf .gb4{color:#900 !important}
&lt;/style&gt;&lt;style&gt;body,td,a,p,.h{font-family:arial,sans-serif}body{margin:0;overflow-y:scroll}#gog{padding:3px 8px 0}td{line-height:.8em}.gac_m td{line-height:17px}form{margin-bottom:20px}.h{color:#1967d2}em{font-weight:bold;font-style:normal}.lst{height:25px;width:496px}.gsfi,.lst{font:18px arial,sans-serif}.gsfs{font:17px arial,sans-serif}.ds{display:inline-box;display:inline-block;margin:3px 0 4px;margin-left:4px}input{font-family:inherit}body{background:#fff;color:#000}a{color:#681da8;text-decoration:none}a:hover,a:active{text-decoration:underline}.fl a{color:#1967d2}a:visited{color:#681da8}.sblc{padding-top:5px}.sblc a{display:block;margin:2px 0;margin-left:13px;font-size:11px}.lsbb{background:#f8f9fa;border:solid 1px;border-color:#dadce0 #70757a #70757a #dadce0;height:30px}.lsbb{display:block}#WqQANb a{display:inline-block;margin:0 12px}.lsb{background:url(/images/nav_logo229.png) 0 -261px repeat-x;color:#000;border:none;cursor:pointer;height:30px;margin:0;outline:0;font:15px arial,sans-serif;vertical-align:top}.lsb:active{background:#dadce0}.lst:focus{outline:none}.Ucigb{width:458px}&lt;/style&gt;&lt;script nonce="CZKpCPKK53QsIr36vHM5aQ"&gt;(function(){window.google.erd={jsr:1,bv:1975,de:true};
var h=this||self;var k,l=null!=(k=h.mei)?k:1,n,p=null!=(n=h.sdo)?n:!0,q=0,r,t=google.erd,v=t.jsr;google.ml=function(a,b,d,m,e){e=void 0===e?2:e;b&amp;&amp;(r=a&amp;&amp;a.message);void 0===d&amp;&amp;(d={});d.cad="ple_"+google.ple+".aple_"+google.aple;if(google.dl)return google.dl(a,e,d),null;b=d;if(0&gt;v){window.console&amp;&amp;console.error(a,b);if(-2===v)throw a;b=!1}else b=!a||!a.message||"Error loading script"===a.message||q&gt;=l&amp;&amp;!m?!1:!0;if(!b)return null;q++;d=d||{};b=encodeURIComponent;var c="/gen_204?atyp=i&amp;ei="+b(google.kEI);google.kEXPI&amp;&amp;(c+="&amp;jexpid="+b(google.kEXPI));c+="&amp;srcpg="+b(google.sn)+"&amp;jsr="+b(t.jsr)+"&amp;bver="+
b(t.bv);var f=a.lineNumber;void 0!==f&amp;&amp;(c+="&amp;line="+f);var g=a.fileName;g&amp;&amp;(0&lt;g.indexOf("-extension:/")&amp;&amp;(e=3),c+="&amp;script="+b(g),f&amp;&amp;g===window.location.href&amp;&amp;(f=document.documentElement.outerHTML.split("\n")[f],c+="&amp;cad="+b(f?f.substring(0,300):"No script found.")));google.ple&amp;&amp;1===google.ple&amp;&amp;(e=2);c+="&amp;jsel="+e;for(var u in d)c+="&amp;",c+=b(u),c+="=",c+=b(d[u]);c=c+"&amp;emsg="+b(a.name+": "+a.message);c=c+"&amp;jsst="+b(a.stack||"N/A");12288&lt;=c.length&amp;&amp;(c=c.substr(0,12288));a=c;m||google.log(0,"",a);return a};window.onerror=function(a,b,d,m,e){r!==a&amp;&amp;(a=e instanceof Error?e:Error(a),void 0===d||"lineNumber"in a||(a.lineNumber=d),void 0===b||"fileName"in a||(a.fileName=b),google.ml(a,!1,void 0,!1,"SyntaxError"===a.name||"SyntaxError"===a.message.substring(0,11)||-1!==a.message.indexOf("Script error")?3:0));r=null;p&amp;&amp;q&gt;=l&amp;&amp;(window.onerror=null)};})();&lt;/script&gt;&lt;/head&gt;&lt;body bgcolor="#fff"&gt;&lt;script nonce="CZKpCPKK53QsIr36vHM5aQ"&gt;(function(){var src='/images/nav_logo229.png';var iesg=false;document.body.onload = function(){window.n &amp;&amp; window.n();if (document.images){new Image().src=src;}
if (!iesg){document.f&amp;&amp;document.f.q.focus();document.gbqf&amp;&amp;document.gbqf.q.focus();}
}
})();&lt;/script&gt;&lt;div id="mngb"&gt;&lt;div id=gbar&gt;&lt;nobr&gt;&lt;b class=gb1&gt;Pesquisa&lt;/b&gt; &lt;a class=gb1 href="https://www.google.com/imghp?hl=pt-BR&amp;tab=wi"&gt;Imagens&lt;/a&gt; &lt;a class=gb1 href="http://maps.google.com.br/maps?hl=pt-BR&amp;tab=wl"&gt;Maps&lt;/a&gt; &lt;a class=gb1 href="https://play.google.com/?hl=pt-BR&amp;tab=w8"&gt;Play&lt;/a&gt; &lt;a class=gb1 href="https://www.youtube.com/?tab=w1"&gt;YouTube&lt;/a&gt; &lt;a class=gb1 href="https://news.google.com/?tab=wn"&gt;Notícias&lt;/a&gt; &lt;a class=gb1 href="https://mail.google.com/mail/?tab=wm"&gt;Gmail&lt;/a&gt; &lt;a class=gb1 href="https://drive.google.com/?tab=wo"&gt;Drive&lt;/a&gt; &lt;a class=gb1 style="text-decoration:none" href="https://www.google.com.br/intl/pt-BR/about/products?tab=wh"&gt;&lt;u&gt;Mais&lt;/u&gt; &amp;raquo;&lt;/a&gt;&lt;/nobr&gt;&lt;/div&gt;&lt;div id=guser width=100%&gt;&lt;nobr&gt;&lt;span id=gbn class=gbi&gt;&lt;/span&gt;&lt;span id=gbf class=gbf&gt;&lt;/span&gt;&lt;span id=gbe&gt;&lt;/span&gt;&lt;a href="http://www.google.com.br/history/optout?hl=pt-BR" class=gb4&gt;Histórico da Web&lt;/a&gt; | &lt;a  href="/preferences?hl=pt-BR" class=gb4&gt;Configurações&lt;/a&gt; | &lt;a target=_top id=gb_70 href="https://accounts.google.com/ServiceLogin?hl=pt-BR&amp;passive=true&amp;continue=http://www.google.com/&amp;ec=GAZAAQ" class=gb4&gt;Fazer login&lt;/a&gt;&lt;/nobr&gt;&lt;/div&gt;&lt;div class=gbh style=left:0&gt;&lt;/div&gt;&lt;div class=gbh style=right:0&gt;&lt;/div&gt;&lt;/div&gt;&lt;center&gt;&lt;br clear="all" id="lgpd"&gt;&lt;div id="lga"&gt;&lt;img alt="Google" height="92" src="/images/branding/googlelogo/1x/googlelogo_white_background_color_272x92dp.png" style="padding:28px 0 14px" width="272" id="hplogo"&gt;&lt;br&gt;&lt;br&gt;&lt;/div&gt;&lt;form action="/search" name="f"&gt;&lt;table cellpadding="0" cellspacing="0"&gt;&lt;tr valign="top"&gt;&lt;td width="25%"&gt;&amp;nbsp;&lt;/td&gt;&lt;td align="center" nowrap=""&gt;&lt;input name="ie" value="ISO-8859-1" type="hidden"&gt;&lt;input value="pt-BR" name="hl" type="hidden"&gt;&lt;input name="source" type="hidden" value="hp"&gt;&lt;input name="biw" type="hidden"&gt;&lt;input name="bih" type="hidden"&gt;&lt;div class="ds" style="height:32px;margin:4px 0"&gt;&lt;div style="position:relative;zoom:1"&gt;&lt;input class="lst Ucigb" style="margin:0;padding:5px 8px 0 6px;vertical-align:top;color:#000;padding-right:38px" autocomplete="off" value="" title="Pesquisa Google" maxlength="2048" name="q" size="57"&gt;&lt;img src="/textinputassistant/tia.png" style="position:absolute;cursor:pointer;right:5px;top:4px;z-index:300" data-script-url="/textinputassistant/13/pt-BR_tia.js" id="tsuid_1" alt="" height="23" width="27"&gt;&lt;script nonce="CZKpCPKK53QsIr36vHM5aQ"&gt;(function(){var id='tsuid_1';document.ge... (set the log level to DEBUG or TRACE to see the full content) 
 </msg>
<msg time="2024-03-21T19:54:31.280038" level="INFO">${resp_google} = &lt;Response [200]&gt;</msg>
<var>${resp_google}</var>
<arg>google</arg>
<arg>/</arg>
<arg>expected_status=200</arg>
<doc>Sends a GET request on a previously created HTTP Session.</doc>
<status status="PASS" start="2024-03-21T19:54:30.800843" elapsed="0.479195"/>
</kw>
<kw name="GET On Session" owner="RequestsLibrary">
<msg time="2024-03-21T19:54:31.373984" level="INFO">GET Request : url=https://jsonplaceholder.typicode.com/posts/1 
 path_url=/posts/1 
 headers={'User-Agent': 'python-requests/2.31.0', 'Accept-Encoding': 'gzip, deflate', 'Accept': '*/*', 'Connection': 'keep-alive'} 
 body=None 
 </msg>
<msg time="2024-03-21T19:54:31.373984" level="INFO">GET Response : url=https://jsonplaceholder.typicode.com/posts/1 
 status=200, reason=OK 
 headers={'Date': 'Thu, 21 Mar 2024 22:54:31 GMT', 'Content-Type': 'application/json; charset=utf-8', 'Transfer-Encoding': 'chunked', 'Connection': 'keep-alive', 'Report-To': '{"group":"heroku-nel","max_age":3600,"endpoints":[{"url":"https://nel.heroku.com/reports?ts=1708472200&amp;sid=e11707d5-02a7-43ef-b45e-2cf4d2036f7d&amp;s=ZcY9Ctoy9ed6tBa%2F52e1q87CyhdKzK2C0ijlB1zdd84%3D"}]}', 'Reporting-Endpoints': 'heroku-nel=https://nel.heroku.com/reports?ts=1708472200&amp;sid=e11707d5-02a7-43ef-b45e-2cf4d2036f7d&amp;s=ZcY9Ctoy9ed6tBa%2F52e1q87CyhdKzK2C0ijlB1zdd84%3D', 'Nel': '{"report_to":"heroku-nel","max_age":3600,"success_fraction":0.005,"failure_fraction":0.05,"response_headers":["Via"]}', 'X-Powered-By': 'Express', 'X-Ratelimit-Limit': '1000', 'X-Ratelimit-Remaining': '999', 'X-Ratelimit-Reset': '1708472220', 'Vary': 'Origin, Accept-Encoding', 'Access-Control-Allow-Credentials': 'true', 'Cache-Control': 'max-age=43200', 'Pragma': 'no-cache', 'Expires': '-1', 'X-Content-Type-Options': 'nosniff', 'Etag': 'W/"124-yiKdLzqO5gfBrJFrcdJ8Yq0LGnU"', 'Via': '1.1 vegur', 'CF-Cache-Status': 'HIT', 'Age': '5024', 'Server': 'cloudflare', 'CF-RAY': '868186363e8f01d6-GRU', 'Content-Encoding': 'gzip', 'alt-svc': 'h3=":443"; ma=86400'} 
 body={
  "userId": 1,
  "id": 1,
  "title": "sunt aut facere repellat provident occaecati excepturi optio reprehenderit",
  "body": "quia et suscipit\nsuscipit recusandae consequuntur expedita et cum\nreprehenderit molestiae ut ut quas totam\nnostrum rerum est autem sunt rem eveniet architecto"
} 
 </msg>
<msg time="2024-03-21T19:54:31.374984" level="INFO">C:\Users\lab4h.ADMIN\AppData\Local\Programs\Python\Python312\Lib\site-packages\urllib3\connectionpool.py:1103: InsecureRequestWarning: Unverified HTTPS request is being made to host 'jsonplaceholder.typicode.com'. Adding certificate verification is strongly advised. See: https://urllib3.readthedocs.io/en/latest/advanced-usage.html#tls-warnings
  warnings.warn(</msg>
<msg time="2024-03-21T19:54:31.374984" level="INFO">${resp_json} = &lt;Response [200]&gt;</msg>
<var>${resp_json}</var>
<arg>jsonplaceholder</arg>
<arg>/posts/1</arg>
<doc>Sends a GET request on a previously created HTTP Session.</doc>
<status status="PASS" start="2024-03-21T19:54:31.280038" elapsed="0.094946"/>
</kw>
<kw name="Should Be Equal As Strings" owner="BuiltIn">
<arg>${resp_google.reason}</arg>
<arg>OK</arg>
<doc>Fails if objects are unequal after converting them to strings.</doc>
<status status="PASS" start="2024-03-21T19:54:31.374984" elapsed="0.001000"/>
</kw>
<kw name="Dictionary Should Contain Value" owner="Collections">
<msg time="2024-03-21T19:54:31.376983" level="INFO">False</msg>
<msg time="2024-03-21T19:54:31.376983" level="FAIL">Dictionary does not contain value 'sunt aut facere repellat provident'.</msg>
<arg>${resp_json.json()}</arg>
<arg>sunt aut facere repellat provident</arg>
<doc>Fails if ``value`` is not found from ``dictionary``.</doc>
<status status="FAIL" start="2024-03-21T19:54:31.375984" elapsed="0.000999">Dictionary does not contain value 'sunt aut facere repellat provident'.</status>
</kw>
<status status="FAIL" start="2024-03-21T19:54:30.798844" elapsed="0.578139">Dictionary does not contain value 'sunt aut facere repellat provident'.</status>
</test>
<status status="FAIL" start="2024-03-21T19:54:30.511007" elapsed="0.866976"/>
</suite>
<statistics>
<total>
<stat pass="0" fail="1" skip="0">All Tests</stat>
</total>
<tag>
</tag>
<suite>
<stat pass="0" fail="1" skip="0" id="s1" name="TestAPI2">TestAPI2</stat>
</suite>
</statistics>
<errors>
</errors>
</robot>
