<?xml version="1.0" encoding="UTF-8"?>
<robot generator="Robot 3.1.2 (Python 3.8.1 on darwin)" generated="20200812 22:33:20.451" rpa="false">
<suite id="s1" name="Teste TestSuite" source="/Users/fcarlossbr.ibm.com/PycharmProjects/UNISAL/TestSuite/Teste_TestSuite.robot">
<test id="s1-t1" name="Test title">
<kw name="Login Google" library="Teste_Keywords">
<kw name="Open Browser" library="SeleniumLibrary">
<doc>Opens a new browser instance to the optional ``url``.</doc>
<arguments>
<arg>${GOOGLEURL}</arg>
<arg>${BROWSER}</arg>
<arg>options=add_argument("--incognito")</arg>
</arguments>
<msg timestamp="20200812 22:33:20.716" level="INFO">Opening browser 'chrome' to base url 'http://www.google.com'.</msg>
<status status="PASS" starttime="20200812 22:33:20.715" endtime="20200812 22:33:25.166"></status>
</kw>
<kw name="Maximize Browser Window" library="SeleniumLibrary">
<doc>Maximizes current browser window.</doc>
<status status="PASS" starttime="20200812 22:33:25.167" endtime="20200812 22:33:25.305"></status>
</kw>
<kw name="Go To" library="SeleniumLibrary">
<doc>Navigates the current browser window to the provided ``url``.</doc>
<arguments>
<arg>${GOOGLEURL}</arg>
</arguments>
<msg timestamp="20200812 22:33:25.306" level="INFO">Opening url 'http://www.google.com'</msg>
<status status="PASS" starttime="20200812 22:33:25.305" endtime="20200812 22:33:26.040"></status>
</kw>
<status status="PASS" starttime="20200812 22:33:20.715" endtime="20200812 22:33:26.040"></status>
</kw>
<kw name="Busca Google" library="Teste_Keywords">
<kw name="Input Text" library="SeleniumLibrary">
<doc>Types the given ``text`` into the text field identified by ``locator``.</doc>
<arguments>
<arg>${BUSCAGOOGLE}</arg>
<arg>${BUSCAGOOGLEVALUE1}</arg>
</arguments>
<msg timestamp="20200812 22:33:26.042" level="INFO">Typing text 'Robot Framework' into text field '//*[@title="Pesquisar"]'.</msg>
<status status="PASS" starttime="20200812 22:33:26.041" endtime="20200812 22:33:26.259"></status>
</kw>
<kw name="Press Keys" library="SeleniumLibrary">
<doc>Simulates the user pressing key(s) to an element or on the active browser.</doc>
<arguments>
<arg>${BUSCAGOOGLE}</arg>
<arg>RETURN</arg>
</arguments>
<msg timestamp="20200812 22:33:26.261" level="INFO">Sending key(s) ('RETURN',) to //*[@title="Pesquisar"] element.</msg>
<msg timestamp="20200812 22:33:26.555" level="INFO">Pressing special key RETURN to element.</msg>
<msg timestamp="20200812 22:33:26.555" level="INFO">Releasing special key RETURN.</msg>
<status status="PASS" starttime="20200812 22:33:26.260" endtime="20200812 22:33:28.119"></status>
</kw>
<kw name="Wait Until Page Contains Element" library="SeleniumLibrary">
<doc>Waits until the element ``locator`` appears on the current page.</doc>
<arguments>
<arg>${ROBOTORG}</arg>
</arguments>
<status status="PASS" starttime="20200812 22:33:28.119" endtime="20200812 22:33:28.136"></status>
</kw>
<kw name="Capture Page Screenshot" library="SeleniumLibrary">
<doc>Takes a screenshot of the current page and embeds it into a log file.</doc>
<msg timestamp="20200812 22:33:28.759" level="INFO" html="yes">&lt;/td&gt;&lt;/tr&gt;&lt;tr&gt;&lt;td colspan="3"&gt;&lt;a href="selenium-screenshot-4.png"&gt;&lt;img src="selenium-screenshot-4.png" width="800px"&gt;&lt;/a&gt;</msg>
<status status="PASS" starttime="20200812 22:33:28.136" endtime="20200812 22:33:28.759"></status>
</kw>
<status status="PASS" starttime="20200812 22:33:26.041" endtime="20200812 22:33:28.759"></status>
</kw>
<tags>
<tag>Teste1</tag>
</tags>
<status status="PASS" starttime="20200812 22:33:20.715" endtime="20200812 22:33:28.760" critical="yes"></status>
</test>
<doc>Suite description</doc>
<status status="PASS" starttime="20200812 22:33:20.453" endtime="20200812 22:33:28.763"></status>
</suite>
<statistics>
<total>
<stat pass="1" fail="0">Critical Tests</stat>
<stat pass="1" fail="0">All Tests</stat>
</total>
<tag>
<stat pass="1" fail="0">Teste1</stat>
</tag>
<suite>
<stat pass="1" fail="0" id="s1" name="Teste TestSuite">Teste TestSuite</stat>
</suite>
</statistics>
<errors>
<msg timestamp="20200812 22:33:20.708" level="ERROR">Error in file '/Users/fcarlossbr.ibm.com/PycharmProjects/UNISAL/Functions/Teste_Keywords.robot': Resource file '/Users/fcarlossbr.ibm.com/PycharmProjects/UNISAL/TestSuite/Teste_TestSuite.robot' cannot contain tests or tasks.</msg>
<msg timestamp="20200812 22:33:20.709" level="ERROR">Error in file '/Users/fcarlossbr.ibm.com/PycharmProjects/UNISAL/Functions/Teste_Keywords.robot': Resource file '../Functions/Teste_InputData.robot' does not exist.</msg>
<msg timestamp="20200812 22:33:20.709" level="ERROR">Error in file '/Users/fcarlossbr.ibm.com/PycharmProjects/UNISAL/PageObjects/Teste_PageObjects.robot': Resource file '/Users/fcarlossbr.ibm.com/PycharmProjects/UNISAL/TestSuite/Teste_TestSuite.robot' cannot contain tests or tasks.</msg>
<msg timestamp="20200812 22:33:20.710" level="ERROR">Error in file '/Users/fcarlossbr.ibm.com/PycharmProjects/UNISAL/PageObjects/Teste_PageObjects.robot': Resource file '../Functions/Teste_InputData.robot' does not exist.</msg>
<msg timestamp="20200812 22:33:20.714" level="ERROR">Error in file '/Users/fcarlossbr.ibm.com/PycharmProjects/UNISAL/PageObjects/Teste_InputData.robot': Resource file '../Functions/Teste_TestSuite.robot' does not exist.</msg>
</errors>
</robot>
